E:\学习\USC\BOOKS\MYBOOKS\420 COMPUTER GRAPHICS_HOMEWORK\HW3\ASSIGN3\ASSIGN3\DEBUG\ASSIGN3.EXE.EMBED.MANIFEST
E:\学习\USC\BOOKS\MYBOOKS\420 COMPUTER GRAPHICS_HOMEWORK\HW3\ASSIGN3\ASSIGN3\DEBUG\ASSIGN3.EXE.EMBED.MANIFEST.RES
E:\学习\USC\BOOKS\MYBOOKS\420 COMPUTER GRAPHICS_HOMEWORK\HW3\ASSIGN3\ASSIGN3\DEBUG\ASSIGN3.EXE.INTERMEDIATE.MANIFEST
E:\学习\USC\BOOKS\MYBOOKS\420 COMPUTER GRAPHICS_HOMEWORK\HW3\ASSIGN3\ASSIGN3\DEBUG\ASSIGN3.OBJ
E:\学习\USC\Books\MyBooks\420 Computer Graphics_Homework\HW3\assign3\assign3\Debug\assign3.write.1.tlog
E:\学习\USC\Books\MyBooks\420 Computer Graphics_Homework\HW3\assign3\assign3\Debug\assign3_manifest.rc
E:\学习\USC\Books\MyBooks\420 Computer Graphics_Homework\HW3\assign3\assign3\Debug\cl.command.1.tlog
E:\学习\USC\Books\MyBooks\420 Computer Graphics_Homework\HW3\assign3\assign3\Debug\CL.read.1.tlog
E:\学习\USC\Books\MyBooks\420 Computer Graphics_Homework\HW3\assign3\assign3\Debug\CL.write.1.tlog
E:\学习\USC\Books\MyBooks\420 Computer Graphics_Homework\HW3\assign3\assign3\Debug\link.2136.read.1.tlog
E:\学习\USC\Books\MyBooks\420 Computer Graphics_Homework\HW3\assign3\assign3\Debug\link.2136.write.1.tlog
E:\学习\USC\Books\MyBooks\420 Computer Graphics_Homework\HW3\assign3\assign3\Debug\link.2136-cvtres.read.1.tlog
E:\学习\USC\Books\MyBooks\420 Computer Graphics_Homework\HW3\assign3\assign3\Debug\link.2136-cvtres.write.1.tlog
E:\学习\USC\Books\MyBooks\420 Computer Graphics_Homework\HW3\assign3\assign3\Debug\link.6096.read.1.tlog
E:\学习\USC\Books\MyBooks\420 Computer Graphics_Homework\HW3\assign3\assign3\Debug\link.6096.write.1.tlog
E:\学习\USC\Books\MyBooks\420 Computer Graphics_Homework\HW3\assign3\assign3\Debug\link.6096-cvtres.read.1.tlog
E:\学习\USC\Books\MyBooks\420 Computer Graphics_Homework\HW3\assign3\assign3\Debug\link.6096-cvtres.write.1.tlog
E:\学习\USC\Books\MyBooks\420 Computer Graphics_Homework\HW3\assign3\assign3\Debug\link.7232.read.1.tlog
E:\学习\USC\Books\MyBooks\420 Computer Graphics_Homework\HW3\assign3\assign3\Debug\link.7232.write.1.tlog
E:\学习\USC\Books\MyBooks\420 Computer Graphics_Homework\HW3\assign3\assign3\Debug\link.7232-cvtres.read.1.tlog
E:\学习\USC\Books\MyBooks\420 Computer Graphics_Homework\HW3\assign3\assign3\Debug\link.7232-cvtres.write.1.tlog
E:\学习\USC\Books\MyBooks\420 Computer Graphics_Homework\HW3\assign3\assign3\Debug\link.7888.read.1.tlog
E:\学习\USC\Books\MyBooks\420 Computer Graphics_Homework\HW3\assign3\assign3\Debug\link.7888.write.1.tlog
E:\学习\USC\Books\MyBooks\420 Computer Graphics_Homework\HW3\assign3\assign3\Debug\link.7888-cvtres.read.1.tlog
E:\学习\USC\Books\MyBooks\420 Computer Graphics_Homework\HW3\assign3\assign3\Debug\link.7888-cvtres.write.1.tlog
E:\学习\USC\Books\MyBooks\420 Computer Graphics_Homework\HW3\assign3\assign3\Debug\link.8896.read.1.tlog
E:\学习\USC\Books\MyBooks\420 Computer Graphics_Homework\HW3\assign3\assign3\Debug\link.8896.write.1.tlog
E:\学习\USC\Books\MyBooks\420 Computer Graphics_Homework\HW3\assign3\assign3\Debug\link.8896-cvtres.read.1.tlog
E:\学习\USC\Books\MyBooks\420 Computer Graphics_Homework\HW3\assign3\assign3\Debug\link.8896-cvtres.write.1.tlog
E:\学习\USC\Books\MyBooks\420 Computer Graphics_Homework\HW3\assign3\assign3\Debug\link.command.1.tlog
E:\学习\USC\Books\MyBooks\420 Computer Graphics_Homework\HW3\assign3\assign3\Debug\link.read.1.tlog
E:\学习\USC\Books\MyBooks\420 Computer Graphics_Homework\HW3\assign3\assign3\Debug\link.write.1.tlog
E:\学习\USC\Books\MyBooks\420 Computer Graphics_Homework\HW3\assign3\assign3\Debug\mt.command.1.tlog
E:\学习\USC\Books\MyBooks\420 Computer Graphics_Homework\HW3\assign3\assign3\Debug\mt.read.1.tlog
E:\学习\USC\Books\MyBooks\420 Computer Graphics_Homework\HW3\assign3\assign3\Debug\mt.write.1.tlog
E:\学习\USC\Books\MyBooks\420 Computer Graphics_Homework\HW3\assign3\assign3\Debug\rc.command.1.tlog
E:\学习\USC\Books\MyBooks\420 Computer Graphics_Homework\HW3\assign3\assign3\Debug\rc.read.1.tlog
E:\学习\USC\Books\MyBooks\420 Computer Graphics_Homework\HW3\assign3\assign3\Debug\rc.write.1.tlog
E:\学习\USC\Books\MyBooks\420 Computer Graphics_Homework\HW3\assign3\assign3\Debug\vc100.idb
E:\学习\USC\BOOKS\MYBOOKS\420 COMPUTER GRAPHICS_HOMEWORK\HW3\ASSIGN3\ASSIGN3\DEBUG\VC100.PDB
E:\学习\USC\BOOKS\MYBOOKS\420 COMPUTER GRAPHICS_HOMEWORK\HW3\ASSIGN3\DEBUG\ASSIGN3.EXE
E:\学习\USC\BOOKS\MYBOOKS\420 COMPUTER GRAPHICS_HOMEWORK\HW3\ASSIGN3\DEBUG\ASSIGN3.ILK
E:\学习\USC\BOOKS\MYBOOKS\420 COMPUTER GRAPHICS_HOMEWORK\HW3\ASSIGN3\DEBUG\ASSIGN3.PDB
